# JRE version: Java(TM) SE Runtime Environment (17.0.12+8) (build 17.0.12+8-LTS-286)
# Java VM: Java HotSpot(TM) 64-Bit Server VM (17.0.12+8-LTS-286, mixed mode, sharing, tiered, compressed oops, compressed class ptrs, g1 gc, windows-amd64)
GC Precious Log:
 CPUs: 12 total, 12 available
 Memory: 16309M
 Large Page Support: Disabled
 NUMA Support: Disabled
 Compressed Oops: Enabled (Zero based)
 Heap Region Size: 2M
 Heap Min Capacity: 8M
 Heap Initial Capacity: 256M
 Heap Max Capacity: 3G
 Pre-touch: Disabled
 Parallel Workers: 10
 Concurrent Workers: 3
 Concurrent Refinement Workers: 10
 Periodic GC: Disabled
Heap:
 garbage-first heap   total 376832K, used 218842K [0x0000000740000000, 0x0000000800000000)
  region size 2048K, 7 young (14336K), 7 survivors (14336K)
 Metaspace       used 82926K, committed 83648K, reserved 1179648K
  class space    used 11227K, committed 11520K, reserved 1048576K
GC Heap History (20 events):
Event: 13.518 GC heap after
{Heap after GC invocations=41 (full 0):
 garbage-first heap   total 184320K, used 76928K [0x0000000740000000, 0x0000000800000000)
  region size 2048K, 1 young (2048K), 1 survivors (2048K)
 Metaspace       used 70962K, committed 71680K, reserved 1114112K
  class space    used 9839K, committed 10176K, reserved 1048576K
}
Event: 13.529 GC heap before
{Heap before GC invocations=41 (full 0):
 garbage-first heap   total 184320K, used 83072K [0x0000000740000000, 0x0000000800000000)
  region size 2048K, 2 young (4096K), 1 survivors (2048K)
 Metaspace       used 70963K, committed 71680K, reserved 1114112K
  class space    used 9839K, committed 10176K, reserved 1048576K
}
Event: 13.531 GC heap after
{Heap after GC invocations=42 (full 0):
 garbage-first heap   total 184320K, used 75739K [0x0000000740000000, 0x0000000800000000)
  region size 2048K, 1 young (2048K), 1 survivors (2048K)
 Metaspace       used 70963K, committed 71680K, reserved 1114112K
  class space    used 9839K, committed 10176K, reserved 1048576K
}
Event: 13.538 GC heap before
{Heap before GC invocations=42 (full 0):
 garbage-first heap   total 184320K, used 79835K [0x0000000740000000, 0x0000000800000000)
  region size 2048K, 2 young (4096K), 1 survivors (2048K)
 Metaspace       used 70963K, committed 71680K, reserved 1114112K
  class space    used 9839K, committed 10176K, reserved 1048576K
}
Event: 13.539 GC heap after
{Heap after GC invocations=43 (full 0):
 garbage-first heap   total 184320K, used 75626K [0x0000000740000000, 0x0000000800000000)
  region size 2048K, 1 young (2048K), 1 survivors (2048K)
 Metaspace       used 70963K, committed 71680K, reserved 1114112K
  class space    used 9839K, committed 10176K, reserved 1048576K
}
Event: 13.549 GC heap before
{Heap before GC invocations=43 (full 0):
 garbage-first heap   total 184320K, used 83818K [0x0000000740000000, 0x0000000800000000)
  region size 2048K, 2 young (4096K), 1 survivors (2048K)
 Metaspace       used 70963K, committed 71680K, reserved 1114112K
  class space    used 9839K, committed 10176K, reserved 1048576K
}
Event: 13.551 GC heap after
{Heap after GC invocations=44 (full 0):
 garbage-first heap   total 354304K, used 75579K [0x0000000740000000, 0x0000000800000000)
  region size 2048K, 1 young (2048K), 1 survivors (2048K)
 Metaspace       used 70963K, committed 71680K, reserved 1114112K
  class space    used 9839K, committed 10176K, reserved 1048576K
}
Event: 13.697 GC heap before
{Heap before GC invocations=44 (full 0):
 garbage-first heap   total 354304K, used 165691K [0x0000000740000000, 0x0000000800000000)
  region size 2048K, 6 young (12288K), 1 survivors (2048K)
 Metaspace       used 71026K, committed 71744K, reserved 1114112K
  class space    used 9839K, committed 10176K, reserved 1048576K
}
Event: 13.699 GC heap after
{Heap after GC invocations=45 (full 0):
 garbage-first heap   total 354304K, used 75716K [0x0000000740000000, 0x0000000800000000)
  region size 2048K, 1 young (2048K), 1 survivors (2048K)
 Metaspace       used 71026K, committed 71744K, reserved 1114112K
  class space    used 9839K, committed 10176K, reserved 1048576K
}
Event: 14.283 GC heap before
{Heap before GC invocations=45 (full 0):
 garbage-first heap   total 354304K, used 178116K [0x0000000740000000, 0x0000000800000000)
  region size 2048K, 20 young (40960K), 1 survivors (2048K)
 Metaspace       used 71445K, committed 72192K, reserved 1114112K
  class space    used 9884K, committed 10176K, reserved 1048576K
}
Event: 14.285 GC heap after
{Heap after GC invocations=46 (full 0):
 garbage-first heap   total 354304K, used 79004K [0x0000000740000000, 0x0000000800000000)
  region size 2048K, 3 young (6144K), 3 survivors (6144K)
 Metaspace       used 71445K, committed 72192K, reserved 1114112K
  class space    used 9884K, committed 10176K, reserved 1048576K
}
Event: 16.816 GC heap before
{Heap before GC invocations=46 (full 0):
 garbage-first heap   total 354304K, used 332956K [0x0000000740000000, 0x0000000800000000)
  region size 2048K, 103 young (210944K), 3 survivors (6144K)
 Metaspace       used 79030K, committed 79808K, reserved 1179648K
  class space    used 10816K, committed 11136K, reserved 1048576K
}
Event: 16.845 GC heap after
{Heap after GC invocations=47 (full 0):
 garbage-first heap   total 376832K, used 113434K [0x0000000740000000, 0x0000000800000000)
  region size 2048K, 13 young (26624K), 13 survivors (26624K)
 Metaspace       used 79030K, committed 79808K, reserved 1179648K
  class space    used 10816K, committed 11136K, reserved 1048576K
}
Event: 17.787 GC heap before
{Heap before GC invocations=47 (full 0):
 garbage-first heap   total 376832K, used 264986K [0x0000000740000000, 0x0000000800000000)
  region size 2048K, 86 young (176128K), 13 survivors (26624K)
 Metaspace       used 80227K, committed 80960K, reserved 1179648K
  class space    used 10916K, committed 11200K, reserved 1048576K
}
Event: 17.811 GC heap after
{Heap after GC invocations=48 (full 0):
 garbage-first heap   total 376832K, used 152461K [0x0000000740000000, 0x0000000800000000)
  region size 2048K, 11 young (22528K), 11 survivors (22528K)
 Metaspace       used 80227K, committed 80960K, reserved 1179648K
  class space    used 10916K, committed 11200K, reserved 1048576K
}
Event: 18.287 GC heap before
{Heap before GC invocations=48 (full 0):
 garbage-first heap   total 376832K, used 275341K [0x0000000740000000, 0x0000000800000000)
  region size 2048K, 72 young (147456K), 11 survivors (22528K)
 Metaspace       used 82308K, committed 83072K, reserved 1179648K
  class space    used 11145K, committed 11456K, reserved 1048576K
}
Event: 18.304 GC heap after
{Heap after GC invocations=49 (full 0):
 garbage-first heap   total 376832K, used 180224K [0x0000000740000000, 0x0000000800000000)
  region size 2048K, 9 young (18432K), 9 survivors (18432K)
 Metaspace       used 82308K, committed 83072K, reserved 1179648K
  class space    used 11145K, committed 11456K, reserved 1048576K
}
Event: 18.427 GC heap before
{Heap before GC invocations=49 (full 0):
 garbage-first heap   total 376832K, used 286720K [0x0000000740000000, 0x0000000800000000)
  region size 2048K, 61 young (124928K), 9 survivors (18432K)
 Metaspace       used 82318K, committed 83072K, reserved 1179648K
  class space    used 11145K, committed 11456K, reserved 1048576K
}
Event: 18.441 GC heap after
{Heap after GC invocations=50 (full 0):
 garbage-first heap   total 376832K, used 202357K [0x0000000740000000, 0x0000000800000000)
  region size 2048K, 8 young (16384K), 8 survivors (16384K)
 Metaspace       used 82318K, committed 83072K, reserved 1179648K
  class space    used 11145K, committed 11456K, reserved 1048576K
}
Event: 18.630 GC heap before
{Heap before GC invocations=50 (full 0):
 garbage-first heap   total 376832K, used 292469K [0x0000000740000000, 0x0000000800000000)
  region size 2048K, 52 young (106496K), 8 survivors (16384K)
 Metaspace       used 82926K, committed 83648K, reserved 1179648K
  class space    used 11227K, committed 11520K, reserved 1048576K
}

